# JRE version: OpenJDK Runtime Environment Corretto-21.0.8.9.1 (21.0.8+9) (build 21.0.8+9-LTS)
# Java VM: OpenJDK 64-Bit Server VM Corretto-21.0.8.9.1 (21.0.8+9-LTS, mixed mode, sharing, tiered, compressed oops, compressed class ptrs, g1 gc, windows-amd64)
GC Precious Log:
 CardTable entry size: 512
 Card Set container configuration: InlinePtr #cards 5 size 8 Array Of Cards #cards 12 size 40 Howl #buckets 4 coarsen threshold 1843 Howl Bitmap #cards 512 size 80 coarsen threshold 460 Card regions per heap region 1 cards per card region 2048
 CPUs: 4 total, 4 available
 Memory: 6074M
 Large Page Support: Disabled
 NUMA Support: Disabled
 Compressed Oops: Enabled (32-bit)
 Heap Region Size: 1M
 Heap Min Capacity: 8M
 Heap Initial Capacity: 96M
 Heap Max Capacity: 1520M
 Pre-touch: Disabled
 Parallel Workers: 4
 Concurrent Workers: 1
 Concurrent Refinement Workers: 4
 Periodic GC: Disabled
Heap:
 garbage-first heap   total 45056K, used 32856K [0x00000000a1000000, 0x0000000100000000)
  region size 1024K, 23 young (23552K), 2 survivors (2048K)
 Metaspace       used 23362K, committed 23680K, reserved 1114112K
  class space    used 3265K, committed 3392K, reserved 1048576K
GC Heap History (8 events):
Event: 1.559 GC heap before
{Heap before GC invocations=0 (full 0):
 garbage-first heap   total 98304K, used 13312K [0x00000000a1000000, 0x0000000100000000)
  region size 1024K, 13 young (13312K), 0 survivors (0K)
 Metaspace       used 2248K, committed 2432K, reserved 1114112K
  class space    used 210K, committed 320K, reserved 1048576K
}
Event: 1.563 GC heap after
{Heap after GC invocations=1 (full 0):
 garbage-first heap   total 98304K, used 1520K [0x00000000a1000000, 0x0000000100000000)
  region size 1024K, 2 young (2048K), 2 survivors (2048K)
 Metaspace       used 2248K, committed 2432K, reserved 1114112K
  class space    used 210K, committed 320K, reserved 1048576K
}
Event: 2.602 GC heap before
{Heap before GC invocations=1 (full 0):
 garbage-first heap   total 98304K, used 25072K [0x00000000a1000000, 0x0000000100000000)
  region size 1024K, 26 young (26624K), 2 survivors (2048K)
 Metaspace       used 9052K, committed 9280K, reserved 1114112K
  class space    used 1031K, committed 1152K, reserved 1048576K
}
Event: 2.608 GC heap after
{Heap after GC invocations=2 (full 0):
 garbage-first heap   total 98304K, used 4128K [0x00000000a1000000, 0x0000000100000000)
  region size 1024K, 4 young (4096K), 4 survivors (4096K)
 Metaspace       used 9052K, committed 9280K, reserved 1114112K
  class space    used 1031K, committed 1152K, reserved 1048576K
}
Event: 15.932 GC heap before
{Heap before GC invocations=2 (full 0):
 garbage-first heap   total 98304K, used 59424K [0x00000000a1000000, 0x0000000100000000)
  region size 1024K, 57 young (58368K), 4 survivors (4096K)
 Metaspace       used 20309K, committed 20672K, reserved 1114112K
  class space    used 2814K, committed 3008K, reserved 1048576K
}
Event: 15.944 GC heap after
{Heap after GC invocations=3 (full 0):
 garbage-first heap   total 98304K, used 10747K [0x00000000a1000000, 0x0000000100000000)
  region size 1024K, 8 young (8192K), 8 survivors (8192K)
 Metaspace       used 20309K, committed 20672K, reserved 1114112K
  class space    used 2814K, committed 3008K, reserved 1048576K
}
Event: 16.093 GC heap before
{Heap before GC invocations=3 (full 0):
 garbage-first heap   total 98304K, used 15867K [0x00000000a1000000, 0x0000000100000000)
  region size 1024K, 14 young (14336K), 8 survivors (8192K)
 Metaspace       used 21141K, committed 21504K, reserved 1114112K
  class space    used 3004K, committed 3136K, reserved 1048576K
}
Event: 16.103 GC heap after
{Heap after GC invocations=4 (full 0):
 garbage-first heap   total 98304K, used 12376K [0x00000000a1000000, 0x0000000100000000)
  region size 1024K, 2 young (2048K), 2 survivors (2048K)
 Metaspace       used 21141K, committed 21504K, reserved 1114112K
  class space    used 3004K, committed 3136K, reserved 1048576K
}

